2023-11-18 20:22:07,236 [Worker-0: Loading available Gradle versions] INFO  o.e.b.c.i.u.g.PublishedGradleVersions - Gradle version information cache is up-to-date. Trying to read.
2023-11-18 20:23:21,320 [Worker-6: Launching mavenrun-a61881bf-98b4-4e9c-a002-6cb1073b8c91] INFO  o.eclipse.m2e.core.internal.Bundles - getClasspathEntries(Bundle=org.eclipse.m2e.maven.runtime_3.9.400.20230826-0755 [624])
2023-11-18 20:23:21,327 [Worker-6: Launching mavenrun-a61881bf-98b4-4e9c-a002-6cb1073b8c91] INFO  o.eclipse.m2e.core.internal.Bundles - 	Entry: C:\Users\91908\OneDrive\Desktop\plugins\org.eclipse.m2e.maven.runtime_3.9.400.20230826-0755
2023-11-18 20:23:21,329 [Worker-6: Launching mavenrun-a61881bf-98b4-4e9c-a002-6cb1073b8c91] INFO  o.eclipse.m2e.core.internal.Bundles - 	Entry: C:\Users\91908\OneDrive\Desktop\plugins\org.eclipse.m2e.maven.runtime_3.9.400.20230826-0755\jars\aether-connector-okhttp-0.17.8.jar
2023-11-18 20:23:21,330 [Worker-6: Launching mavenrun-a61881bf-98b4-4e9c-a002-6cb1073b8c91] INFO  o.eclipse.m2e.core.internal.Bundles - 	Entry: C:\Users\91908\OneDrive\Desktop\plugins\org.eclipse.m2e.maven.runtime_3.9.400.20230826-0755\jars\aopalliance-1.0.jar
2023-11-18 20:23:21,331 [Worker-6: Launching mavenrun-a61881bf-98b4-4e9c-a002-6cb1073b8c91] INFO  o.eclipse.m2e.core.internal.Bundles - 	Entry: C:\Users\91908\OneDrive\Desktop\plugins\org.eclipse.m2e.maven.runtime_3.9.400.20230826-0755\jars\commons-lang3-3.12.0.jar
2023-11-18 20:23:21,332 [Worker-6: Launching mavenrun-a61881bf-98b4-4e9c-a002-6cb1073b8c91] INFO  o.eclipse.m2e.core.internal.Bundles - 	Entry: C:\Users\91908\OneDrive\Desktop\plugins\org.eclipse.m2e.maven.runtime_3.9.400.20230826-0755\jars\guice-5.1.0.jar
2023-11-18 20:23:21,340 [Worker-6: Launching mavenrun-a61881bf-98b4-4e9c-a002-6cb1073b8c91] INFO  o.eclipse.m2e.core.internal.Bundles - 	Entry: C:\Users\91908\OneDrive\Desktop\plugins\org.eclipse.m2e.maven.runtime_3.9.400.20230826-0755\jars\jansi-2.4.0.jar
2023-11-18 20:23:21,342 [Worker-6: Launching mavenrun-a61881bf-98b4-4e9c-a002-6cb1073b8c91] INFO  o.eclipse.m2e.core.internal.Bundles - 	Entry: C:\Users\91908\OneDrive\Desktop\plugins\org.eclipse.m2e.maven.runtime_3.9.400.20230826-0755\jars\maven-artifact-3.9.4.jar
2023-11-18 20:23:21,350 [Worker-6: Launching mavenrun-a61881bf-98b4-4e9c-a002-6cb1073b8c91] INFO  o.eclipse.m2e.core.internal.Bundles - 	Entry: C:\Users\91908\OneDrive\Desktop\plugins\org.eclipse.m2e.maven.runtime_3.9.400.20230826-0755\jars\maven-builder-support-3.9.4.jar
2023-11-18 20:23:21,352 [Worker-6: Launching mavenrun-a61881bf-98b4-4e9c-a002-6cb1073b8c91] INFO  o.eclipse.m2e.core.internal.Bundles - 	Entry: C:\Users\91908\OneDrive\Desktop\plugins\org.eclipse.m2e.maven.runtime_3.9.400.20230826-0755\jars\maven-compat-3.9.4.jar
2023-11-18 20:23:21,353 [Worker-6: Launching mavenrun-a61881bf-98b4-4e9c-a002-6cb1073b8c91] INFO  o.eclipse.m2e.core.internal.Bundles - 	Entry: C:\Users\91908\OneDrive\Desktop\plugins\org.eclipse.m2e.maven.runtime_3.9.400.20230826-0755\jars\maven-core-3.9.4.jar
2023-11-18 20:23:21,355 [Worker-6: Launching mavenrun-a61881bf-98b4-4e9c-a002-6cb1073b8c91] INFO  o.eclipse.m2e.core.internal.Bundles - 	Entry: C:\Users\91908\OneDrive\Desktop\plugins\org.eclipse.m2e.maven.runtime_3.9.400.20230826-0755\jars\maven-embedder-3.9.4.jar
2023-11-18 20:23:21,356 [Worker-6: Launching mavenrun-a61881bf-98b4-4e9c-a002-6cb1073b8c91] INFO  o.eclipse.m2e.core.internal.Bundles - 	Entry: C:\Users\91908\OneDrive\Desktop\plugins\org.eclipse.m2e.maven.runtime_3.9.400.20230826-0755\jars\maven-model-3.9.4.jar
2023-11-18 20:23:21,357 [Worker-6: Launching mavenrun-a61881bf-98b4-4e9c-a002-6cb1073b8c91] INFO  o.eclipse.m2e.core.internal.Bundles - 	Entry: C:\Users\91908\OneDrive\Desktop\plugins\org.eclipse.m2e.maven.runtime_3.9.400.20230826-0755\jars\maven-model-builder-3.9.4.jar
2023-11-18 20:23:21,358 [Worker-6: Launching mavenrun-a61881bf-98b4-4e9c-a002-6cb1073b8c91] INFO  o.eclipse.m2e.core.internal.Bundles - 	Entry: C:\Users\91908\OneDrive\Desktop\plugins\org.eclipse.m2e.maven.runtime_3.9.400.20230826-0755\jars\maven-plugin-api-3.9.4.jar
2023-11-18 20:23:21,360 [Worker-6: Launching mavenrun-a61881bf-98b4-4e9c-a002-6cb1073b8c91] INFO  o.eclipse.m2e.core.internal.Bundles - 	Entry: C:\Users\91908\OneDrive\Desktop\plugins\org.eclipse.m2e.maven.runtime_3.9.400.20230826-0755\jars\maven-repository-metadata-3.9.4.jar
2023-11-18 20:23:21,361 [Worker-6: Launching mavenrun-a61881bf-98b4-4e9c-a002-6cb1073b8c91] INFO  o.eclipse.m2e.core.internal.Bundles - 	Entry: C:\Users\91908\OneDrive\Desktop\plugins\org.eclipse.m2e.maven.runtime_3.9.400.20230826-0755\jars\maven-resolver-api-1.9.14.jar
2023-11-18 20:23:21,363 [Worker-6: Launching mavenrun-a61881bf-98b4-4e9c-a002-6cb1073b8c91] INFO  o.eclipse.m2e.core.internal.Bundles - 	Entry: C:\Users\91908\OneDrive\Desktop\plugins\org.eclipse.m2e.maven.runtime_3.9.400.20230826-0755\jars\maven-resolver-connector-basic-1.9.14.jar
2023-11-18 20:23:21,364 [Worker-6: Launching mavenrun-a61881bf-98b4-4e9c-a002-6cb1073b8c91] INFO  o.eclipse.m2e.core.internal.Bundles - 	Entry: C:\Users\91908\OneDrive\Desktop\plugins\org.eclipse.m2e.maven.runtime_3.9.400.20230826-0755\jars\maven-resolver-impl-1.9.14.jar
2023-11-18 20:23:21,365 [Worker-6: Launching mavenrun-a61881bf-98b4-4e9c-a002-6cb1073b8c91] INFO  o.eclipse.m2e.core.internal.Bundles - 	Entry: C:\Users\91908\OneDrive\Desktop\plugins\org.eclipse.m2e.maven.runtime_3.9.400.20230826-0755\jars\maven-resolver-named-locks-1.9.14.jar
2023-11-18 20:23:21,367 [Worker-6: Launching mavenrun-a61881bf-98b4-4e9c-a002-6cb1073b8c91] INFO  o.eclipse.m2e.core.internal.Bundles - 	Entry: C:\Users\91908\OneDrive\Desktop\plugins\org.eclipse.m2e.maven.runtime_3.9.400.20230826-0755\jars\maven-resolver-provider-3.9.4.jar
2023-11-18 20:23:21,368 [Worker-6: Launching mavenrun-a61881bf-98b4-4e9c-a002-6cb1073b8c91] INFO  o.eclipse.m2e.core.internal.Bundles - 	Entry: C:\Users\91908\OneDrive\Desktop\plugins\org.eclipse.m2e.maven.runtime_3.9.400.20230826-0755\jars\maven-resolver-spi-1.9.14.jar
2023-11-18 20:23:21,369 [Worker-6: Launching mavenrun-a61881bf-98b4-4e9c-a002-6cb1073b8c91] INFO  o.eclipse.m2e.core.internal.Bundles - 	Entry: C:\Users\91908\OneDrive\Desktop\plugins\org.eclipse.m2e.maven.runtime_3.9.400.20230826-0755\jars\maven-resolver-transport-wagon-1.9.14.jar
2023-11-18 20:23:21,370 [Worker-6: Launching mavenrun-a61881bf-98b4-4e9c-a002-6cb1073b8c91] INFO  o.eclipse.m2e.core.internal.Bundles - 	Entry: C:\Users\91908\OneDrive\Desktop\plugins\org.eclipse.m2e.maven.runtime_3.9.400.20230826-0755\jars\maven-resolver-util-1.9.14.jar
2023-11-18 20:23:21,371 [Worker-6: Launching mavenrun-a61881bf-98b4-4e9c-a002-6cb1073b8c91] INFO  o.eclipse.m2e.core.internal.Bundles - 	Entry: C:\Users\91908\OneDrive\Desktop\plugins\org.eclipse.m2e.maven.runtime_3.9.400.20230826-0755\jars\maven-settings-3.9.4.jar
2023-11-18 20:23:21,372 [Worker-6: Launching mavenrun-a61881bf-98b4-4e9c-a002-6cb1073b8c91] INFO  o.eclipse.m2e.core.internal.Bundles - 	Entry: C:\Users\91908\OneDrive\Desktop\plugins\org.eclipse.m2e.maven.runtime_3.9.400.20230826-0755\jars\maven-settings-builder-3.9.4.jar
2023-11-18 20:23:21,373 [Worker-6: Launching mavenrun-a61881bf-98b4-4e9c-a002-6cb1073b8c91] INFO  o.eclipse.m2e.core.internal.Bundles - 	Entry: C:\Users\91908\OneDrive\Desktop\plugins\org.eclipse.m2e.maven.runtime_3.9.400.20230826-0755\jars\maven-shared-utils-3.3.4.jar
2023-11-18 20:23:21,374 [Worker-6: Launching mavenrun-a61881bf-98b4-4e9c-a002-6cb1073b8c91] INFO  o.eclipse.m2e.core.internal.Bundles - 	Entry: C:\Users\91908\OneDrive\Desktop\plugins\org.eclipse.m2e.maven.runtime_3.9.400.20230826-0755\jars\okhttp-3.14.1.jar
2023-11-18 20:23:21,375 [Worker-6: Launching mavenrun-a61881bf-98b4-4e9c-a002-6cb1073b8c91] INFO  o.eclipse.m2e.core.internal.Bundles - 	Entry: C:\Users\91908\OneDrive\Desktop\plugins\org.eclipse.m2e.maven.runtime_3.9.400.20230826-0755\jars\okio-1.17.3.jar
2023-11-18 20:23:21,376 [Worker-6: Launching mavenrun-a61881bf-98b4-4e9c-a002-6cb1073b8c91] INFO  o.eclipse.m2e.core.internal.Bundles - 	Entry: C:\Users\91908\OneDrive\Desktop\plugins\org.eclipse.m2e.maven.runtime_3.9.400.20230826-0755\jars\org.eclipse.sisu.inject-0.3.5.jar
2023-11-18 20:23:21,378 [Worker-6: Launching mavenrun-a61881bf-98b4-4e9c-a002-6cb1073b8c91] INFO  o.eclipse.m2e.core.internal.Bundles - 	Entry: C:\Users\91908\OneDrive\Desktop\plugins\org.eclipse.m2e.maven.runtime_3.9.400.20230826-0755\jars\org.eclipse.sisu.plexus-0.3.5.jar
2023-11-18 20:23:21,379 [Worker-6: Launching mavenrun-a61881bf-98b4-4e9c-a002-6cb1073b8c91] INFO  o.eclipse.m2e.core.internal.Bundles - 	Entry: C:\Users\91908\OneDrive\Desktop\plugins\org.eclipse.m2e.maven.runtime_3.9.400.20230826-0755\jars\plexus-build-api-0.0.7.jar
2023-11-18 20:23:21,380 [Worker-6: Launching mavenrun-a61881bf-98b4-4e9c-a002-6cb1073b8c91] INFO  o.eclipse.m2e.core.internal.Bundles - 	Entry: C:\Users\91908\OneDrive\Desktop\plugins\org.eclipse.m2e.maven.runtime_3.9.400.20230826-0755\jars\plexus-cipher-2.0.jar
2023-11-18 20:23:21,381 [Worker-6: Launching mavenrun-a61881bf-98b4-4e9c-a002-6cb1073b8c91] INFO  o.eclipse.m2e.core.internal.Bundles - 	Entry: C:\Users\91908\OneDrive\Desktop\plugins\org.eclipse.m2e.maven.runtime_3.9.400.20230826-0755\jars\plexus-classworlds-2.7.0.jar
2023-11-18 20:23:21,382 [Worker-6: Launching mavenrun-a61881bf-98b4-4e9c-a002-6cb1073b8c91] INFO  o.eclipse.m2e.core.internal.Bundles - 	Entry: C:\Users\91908\OneDrive\Desktop\plugins\org.eclipse.m2e.maven.runtime_3.9.400.20230826-0755\jars\plexus-component-annotations-2.1.0.jar
2023-11-18 20:23:21,385 [Worker-6: Launching mavenrun-a61881bf-98b4-4e9c-a002-6cb1073b8c91] INFO  o.eclipse.m2e.core.internal.Bundles - 	Entry: C:\Users\91908\OneDrive\Desktop\plugins\org.eclipse.m2e.maven.runtime_3.9.400.20230826-0755\jars\plexus-interpolation-1.26.jar
2023-11-18 20:23:21,388 [Worker-6: Launching mavenrun-a61881bf-98b4-4e9c-a002-6cb1073b8c91] INFO  o.eclipse.m2e.core.internal.Bundles - 	Entry: C:\Users\91908\OneDrive\Desktop\plugins\org.eclipse.m2e.maven.runtime_3.9.400.20230826-0755\jars\plexus-sec-dispatcher-2.0.jar
2023-11-18 20:23:21,390 [Worker-6: Launching mavenrun-a61881bf-98b4-4e9c-a002-6cb1073b8c91] INFO  o.eclipse.m2e.core.internal.Bundles - 	Entry: C:\Users\91908\OneDrive\Desktop\plugins\org.eclipse.m2e.maven.runtime_3.9.400.20230826-0755\jars\plexus-utils-3.5.1.jar
2023-11-18 20:23:21,391 [Worker-6: Launching mavenrun-a61881bf-98b4-4e9c-a002-6cb1073b8c91] INFO  o.eclipse.m2e.core.internal.Bundles - 	Entry: C:\Users\91908\OneDrive\Desktop\plugins\org.eclipse.m2e.maven.runtime_3.9.400.20230826-0755\jars\wagon-file-3.5.3.jar
2023-11-18 20:23:21,392 [Worker-6: Launching mavenrun-a61881bf-98b4-4e9c-a002-6cb1073b8c91] INFO  o.eclipse.m2e.core.internal.Bundles - 	Entry: C:\Users\91908\OneDrive\Desktop\plugins\org.eclipse.m2e.maven.runtime_3.9.400.20230826-0755\jars\wagon-provider-api-3.5.3.jar
2023-11-18 20:23:21,396 [Worker-6: Launching mavenrun-a61881bf-98b4-4e9c-a002-6cb1073b8c91] INFO  o.eclipse.m2e.core.internal.Bundles - getClasspathEntries(Bundle=com.google.guava_32.1.2.jre [12])
2023-11-18 20:23:21,399 [Worker-6: Launching mavenrun-a61881bf-98b4-4e9c-a002-6cb1073b8c91] INFO  o.eclipse.m2e.core.internal.Bundles - 	Entry: C:\Users\91908\OneDrive\Desktop\plugins\com.google.guava_32.1.2.jre.jar
2023-11-18 20:23:21,400 [Worker-6: Launching mavenrun-a61881bf-98b4-4e9c-a002-6cb1073b8c91] INFO  o.eclipse.m2e.core.internal.Bundles - getClasspathEntries(Bundle=slf4j.api_2.0.7 [985])
2023-11-18 20:23:21,402 [Worker-6: Launching mavenrun-a61881bf-98b4-4e9c-a002-6cb1073b8c91] INFO  o.eclipse.m2e.core.internal.Bundles - 	Entry: C:\Users\91908\OneDrive\Desktop\plugins\slf4j.api_2.0.7.jar
2023-11-18 20:23:21,403 [Worker-6: Launching mavenrun-a61881bf-98b4-4e9c-a002-6cb1073b8c91] INFO  o.eclipse.m2e.core.internal.Bundles - getClasspathEntries(Bundle=javax.inject_1.0.0.v20220405-0441 [38])
2023-11-18 20:23:21,405 [Worker-6: Launching mavenrun-a61881bf-98b4-4e9c-a002-6cb1073b8c91] INFO  o.eclipse.m2e.core.internal.Bundles - 	Entry: C:\Users\91908\OneDrive\Desktop\plugins\javax.inject_1.0.0.v20220405-0441.jar
2023-11-18 20:23:21,405 [Worker-6: Launching mavenrun-a61881bf-98b4-4e9c-a002-6cb1073b8c91] INFO  o.eclipse.m2e.core.internal.Bundles - getClasspathEntries(Bundle=javax.annotation_1.3.5.v20200909-1856 [36])
2023-11-18 20:23:21,407 [Worker-6: Launching mavenrun-a61881bf-98b4-4e9c-a002-6cb1073b8c91] INFO  o.eclipse.m2e.core.internal.Bundles - 	Entry: C:\Users\91908\OneDrive\Desktop\plugins\javax.annotation_1.3.5.v20200909-1856.jar
2023-11-18 20:23:21,407 [Worker-6: Launching mavenrun-a61881bf-98b4-4e9c-a002-6cb1073b8c91] INFO  o.eclipse.m2e.core.internal.Bundles - getClasspathEntries(Bundle=org.apache.commons.cli_1.5.0 [73])
2023-11-18 20:23:21,409 [Worker-6: Launching mavenrun-a61881bf-98b4-4e9c-a002-6cb1073b8c91] INFO  o.eclipse.m2e.core.internal.Bundles - 	Entry: C:\Users\91908\OneDrive\Desktop\plugins\org.apache.commons.cli_1.5.0.jar
2023-11-18 20:23:21,409 [Worker-6: Launching mavenrun-a61881bf-98b4-4e9c-a002-6cb1073b8c91] INFO  o.eclipse.m2e.core.internal.Bundles - getClasspathEntries(Bundle=com.google.guava.failureaccess_1.0.1 [14])
2023-11-18 20:23:21,411 [Worker-6: Launching mavenrun-a61881bf-98b4-4e9c-a002-6cb1073b8c91] INFO  o.eclipse.m2e.core.internal.Bundles - 	Entry: C:\Users\91908\OneDrive\Desktop\plugins\com.google.guava.failureaccess_1.0.1.jar
2023-11-18 20:23:21,431 [Worker-6: Launching mavenrun-a61881bf-98b4-4e9c-a002-6cb1073b8c91] INFO  o.e.m.i.launch.MavenLaunchDelegate - Run build in "C:\Users\91908\AppData\Local\Temp\m2e-archetypeGenerator1883179018403620816":
2023-11-18 20:23:21,441 [Worker-6: Launching mavenrun-a61881bf-98b4-4e9c-a002-6cb1073b8c91] INFO  o.e.m.i.launch.MavenLaunchDelegate -  mvn  -DarchetypeGroupId=org.apache.maven.archetypes -DarchetypeArtifactId=maven-archetype-quickstart -DarchetypeVersion=1.1 -DgroupId=com -DartifactId=Team2 -Dversion=0.0.1-SNAPSHOT -Dpackage=com.Team2 -DoutputDirectory=D:\selenium\Venture_pilot_project -Dstyle.color=always -U archetype:generate
2023-11-19 07:23:03,765 [Worker-0: Loading available Gradle versions] INFO  o.e.b.c.i.u.g.PublishedGradleVersions - Gradle version information cache is out-of-date. Trying to update.
2023-11-19 10:53:22,933 [Worker-2: Loading available Gradle versions] INFO  o.e.b.c.i.u.g.PublishedGradleVersions - Gradle version information cache is up-to-date. Trying to read.
